<?xml version="1.0" encoding="UTF-8"?>
<!-- Generated by org.testng.reporters.JUnitReportReporter -->
<testsuite hostname="LAPTOP-PS1JMCCH" failures="0" tests="1" name="com.SauceDemo.TestClasses.TC03SingleProductAddToCardFunctionality" time="2.746" errors="0" timestamp="2022-06-11T16:45:39 IST" skipped="0">
  <testcase classname="com.SauceDemo.TestClasses.TC03SingleProductAddToCardFunctionality" name="SingleProductAddToCard" time="2.746"/>
  <system-out/>
</testsuite> <!-- com.SauceDemo.TestClasses.TC03SingleProductAddToCardFunctionality -->
