<?xml version="1.0" encoding="UTF-8"?>
<!-- Generated by org.testng.reporters.JUnitReportReporter -->
<testsuite hostname="LAPTOP-PS1JMCCH" failures="0" tests="1" name="com.SauceDemo.TestClasses.TC01_LoginFunctionality" time="2.375" errors="0" timestamp="2022-06-11T16:45:39 IST" skipped="0">
  <testcase classname="com.SauceDemo.TestClasses.TC01_LoginFunctionality" name="loginFunctionalityTest" time="2.375"/>
  <system-out/>
</testsuite> <!-- com.SauceDemo.TestClasses.TC01_LoginFunctionality -->
