<?xml version="1.0" encoding="UTF-8"?>
<!-- Generated by org.testng.reporters.JUnitReportReporter -->
<testsuite hostname="LAPTOP-PS1JMCCH" failures="0" tests="1" name="com.SauceDemo.POMClasses.PracticeloginPageClass" time="0.001" errors="0" timestamp="2022-05-29T10:13:33 IST" skipped="0">
  <testcase classname="com.SauceDemo.POMClasses.PracticeloginPageClass" name="method1" time="0.001"/>
  <system-out/>
</testsuite> <!-- com.SauceDemo.POMClasses.PracticeloginPageClass -->
